Determining if the Q_WS_WIN exist failed with the following output:
Change Dir: /home/library/hungpd/np/knights-2.5.0/build/CMakeFiles/CMakeTmp

Run Build Command:/usr/bin/make "cmTryCompileExec112759468/fast"
/usr/bin/make -f CMakeFiles/cmTryCompileExec112759468.dir/build.make CMakeFiles/cmTryCompileExec112759468.dir/build
make[1]: Entering directory `/home/library/hungpd/np/knights-2.5.0/build/CMakeFiles/CMakeTmp'
/usr/bin/cmake -E cmake_progress_report /home/library/hungpd/np/knights-2.5.0/build/CMakeFiles/CMakeTmp/CMakeFiles 1
Building C object CMakeFiles/cmTryCompileExec112759468.dir/CheckSymbolExists.c.o
/usr/bin/cc   -I/usr/include/qt4    -o CMakeFiles/cmTryCompileExec112759468.dir/CheckSymbolExists.c.o   -c /home/library/hungpd/np/knights-2.5.0/build/CMakeFiles/CMakeTmp/CheckSymbolExists.c
/home/library/hungpd/np/knights-2.5.0/build/CMakeFiles/CMakeTmp/CheckSymbolExists.c: In function ‘main’:
/home/library/hungpd/np/knights-2.5.0/build/CMakeFiles/CMakeTmp/CheckSymbolExists.c:8:19: error: ‘Q_WS_WIN’ undeclared (first use in this function)
/home/library/hungpd/np/knights-2.5.0/build/CMakeFiles/CMakeTmp/CheckSymbolExists.c:8:19: note: each undeclared identifier is reported only once for each function it appears in
make[1]: *** [CMakeFiles/cmTryCompileExec112759468.dir/CheckSymbolExists.c.o] Error 1
make[1]: Leaving directory `/home/library/hungpd/np/knights-2.5.0/build/CMakeFiles/CMakeTmp'
make: *** [cmTryCompileExec112759468/fast] Error 2

File /home/library/hungpd/np/knights-2.5.0/build/CMakeFiles/CMakeTmp/CheckSymbolExists.c:
/* */
#include <QtCore/qglobal.h>

int main(int argc, char** argv)
{
  (void)argv;
#ifndef Q_WS_WIN
  return ((int*)(&Q_WS_WIN))[argc];
#else
  (void)argc;
  return 0;
#endif
}

Determining if the Q_WS_QWS exist failed with the following output:
Change Dir: /home/library/hungpd/np/knights-2.5.0/build/CMakeFiles/CMakeTmp

Run Build Command:/usr/bin/make "cmTryCompileExec1283811970/fast"
/usr/bin/make -f CMakeFiles/cmTryCompileExec1283811970.dir/build.make CMakeFiles/cmTryCompileExec1283811970.dir/build
make[1]: Entering directory `/home/library/hungpd/np/knights-2.5.0/build/CMakeFiles/CMakeTmp'
/usr/bin/cmake -E cmake_progress_report /home/library/hungpd/np/knights-2.5.0/build/CMakeFiles/CMakeTmp/CMakeFiles 1
Building C object CMakeFiles/cmTryCompileExec1283811970.dir/CheckSymbolExists.c.o
/usr/bin/cc   -I/usr/include/qt4    -o CMakeFiles/cmTryCompileExec1283811970.dir/CheckSymbolExists.c.o   -c /home/library/hungpd/np/knights-2.5.0/build/CMakeFiles/CMakeTmp/CheckSymbolExists.c
/home/library/hungpd/np/knights-2.5.0/build/CMakeFiles/CMakeTmp/CheckSymbolExists.c: In function ‘main’:
/home/library/hungpd/np/knights-2.5.0/build/CMakeFiles/CMakeTmp/CheckSymbolExists.c:8:19: error: ‘Q_WS_QWS’ undeclared (first use in this function)
/home/library/hungpd/np/knights-2.5.0/build/CMakeFiles/CMakeTmp/CheckSymbolExists.c:8:19: note: each undeclared identifier is reported only once for each function it appears in
make[1]: *** [CMakeFiles/cmTryCompileExec1283811970.dir/CheckSymbolExists.c.o] Error 1
make[1]: Leaving directory `/home/library/hungpd/np/knights-2.5.0/build/CMakeFiles/CMakeTmp'
make: *** [cmTryCompileExec1283811970/fast] Error 2

File /home/library/hungpd/np/knights-2.5.0/build/CMakeFiles/CMakeTmp/CheckSymbolExists.c:
/* */
#include <QtCore/qglobal.h>

int main(int argc, char** argv)
{
  (void)argv;
#ifndef Q_WS_QWS
  return ((int*)(&Q_WS_QWS))[argc];
#else
  (void)argc;
  return 0;
#endif
}

Determining if the Q_WS_MAC exist failed with the following output:
Change Dir: /home/library/hungpd/np/knights-2.5.0/build/CMakeFiles/CMakeTmp

Run Build Command:/usr/bin/make "cmTryCompileExec3141409646/fast"
/usr/bin/make -f CMakeFiles/cmTryCompileExec3141409646.dir/build.make CMakeFiles/cmTryCompileExec3141409646.dir/build
make[1]: Entering directory `/home/library/hungpd/np/knights-2.5.0/build/CMakeFiles/CMakeTmp'
/usr/bin/cmake -E cmake_progress_report /home/library/hungpd/np/knights-2.5.0/build/CMakeFiles/CMakeTmp/CMakeFiles 1
Building C object CMakeFiles/cmTryCompileExec3141409646.dir/CheckSymbolExists.c.o
/usr/bin/cc   -I/usr/include/qt4    -o CMakeFiles/cmTryCompileExec3141409646.dir/CheckSymbolExists.c.o   -c /home/library/hungpd/np/knights-2.5.0/build/CMakeFiles/CMakeTmp/CheckSymbolExists.c
/home/library/hungpd/np/knights-2.5.0/build/CMakeFiles/CMakeTmp/CheckSymbolExists.c: In function ‘main’:
/home/library/hungpd/np/knights-2.5.0/build/CMakeFiles/CMakeTmp/CheckSymbolExists.c:8:19: error: ‘Q_WS_MAC’ undeclared (first use in this function)
/home/library/hungpd/np/knights-2.5.0/build/CMakeFiles/CMakeTmp/CheckSymbolExists.c:8:19: note: each undeclared identifier is reported only once for each function it appears in
make[1]: *** [CMakeFiles/cmTryCompileExec3141409646.dir/CheckSymbolExists.c.o] Error 1
make[1]: Leaving directory `/home/library/hungpd/np/knights-2.5.0/build/CMakeFiles/CMakeTmp'
make: *** [cmTryCompileExec3141409646/fast] Error 2

File /home/library/hungpd/np/knights-2.5.0/build/CMakeFiles/CMakeTmp/CheckSymbolExists.c:
/* */
#include <QtCore/qglobal.h>

int main(int argc, char** argv)
{
  (void)argv;
#ifndef Q_WS_MAC
  return ((int*)(&Q_WS_MAC))[argc];
#else
  (void)argc;
  return 0;
#endif
}

Determining if the pthread_create exist failed with the following output:
Change Dir: /home/library/hungpd/np/knights-2.5.0/build/CMakeFiles/CMakeTmp

Run Build Command:/usr/bin/make "cmTryCompileExec3000176943/fast"
/usr/bin/make -f CMakeFiles/cmTryCompileExec3000176943.dir/build.make CMakeFiles/cmTryCompileExec3000176943.dir/build
make[1]: Entering directory `/home/library/hungpd/np/knights-2.5.0/build/CMakeFiles/CMakeTmp'
/usr/bin/cmake -E cmake_progress_report /home/library/hungpd/np/knights-2.5.0/build/CMakeFiles/CMakeTmp/CMakeFiles 1
Building C object CMakeFiles/cmTryCompileExec3000176943.dir/CheckSymbolExists.c.o
/usr/bin/cc    -o CMakeFiles/cmTryCompileExec3000176943.dir/CheckSymbolExists.c.o   -c /home/library/hungpd/np/knights-2.5.0/build/CMakeFiles/CMakeTmp/CheckSymbolExists.c
Linking C executable cmTryCompileExec3000176943
/usr/bin/cmake -E cmake_link_script CMakeFiles/cmTryCompileExec3000176943.dir/link.txt --verbose=1
/usr/bin/cc         CMakeFiles/cmTryCompileExec3000176943.dir/CheckSymbolExists.c.o  -o cmTryCompileExec3000176943 -rdynamic 
CMakeFiles/cmTryCompileExec3000176943.dir/CheckSymbolExists.c.o: In function `main':
CheckSymbolExists.c:(.text+0x16): undefined reference to `pthread_create'
collect2: error: ld returned 1 exit status
make[1]: *** [cmTryCompileExec3000176943] Error 1
make[1]: Leaving directory `/home/library/hungpd/np/knights-2.5.0/build/CMakeFiles/CMakeTmp'
make: *** [cmTryCompileExec3000176943/fast] Error 2

File /home/library/hungpd/np/knights-2.5.0/build/CMakeFiles/CMakeTmp/CheckSymbolExists.c:
/* */
#include <pthread.h>

int main(int argc, char** argv)
{
  (void)argv;
#ifndef pthread_create
  return ((int*)(&pthread_create))[argc];
#else
  (void)argc;
  return 0;
#endif
}

Determining if the function pthread_create exists in the pthreads failed with the following output:
Change Dir: /home/library/hungpd/np/knights-2.5.0/build/CMakeFiles/CMakeTmp

Run Build Command:/usr/bin/make "cmTryCompileExec3895112168/fast"
/usr/bin/make -f CMakeFiles/cmTryCompileExec3895112168.dir/build.make CMakeFiles/cmTryCompileExec3895112168.dir/build
make[1]: Entering directory `/home/library/hungpd/np/knights-2.5.0/build/CMakeFiles/CMakeTmp'
/usr/bin/cmake -E cmake_progress_report /home/library/hungpd/np/knights-2.5.0/build/CMakeFiles/CMakeTmp/CMakeFiles 1
Building C object CMakeFiles/cmTryCompileExec3895112168.dir/CheckFunctionExists.c.o
/usr/bin/cc   -DCHECK_FUNCTION_EXISTS=pthread_create   -o CMakeFiles/cmTryCompileExec3895112168.dir/CheckFunctionExists.c.o   -c /usr/share/cmake-2.8/Modules/CheckFunctionExists.c
Linking C executable cmTryCompileExec3895112168
/usr/bin/cmake -E cmake_link_script CMakeFiles/cmTryCompileExec3895112168.dir/link.txt --verbose=1
/usr/bin/cc     -DCHECK_FUNCTION_EXISTS=pthread_create    CMakeFiles/cmTryCompileExec3895112168.dir/CheckFunctionExists.c.o  -o cmTryCompileExec3895112168 -rdynamic -lpthreads 
/usr/bin/ld: cannot find -lpthreads
collect2: error: ld returned 1 exit status
make[1]: *** [cmTryCompileExec3895112168] Error 1
make[1]: Leaving directory `/home/library/hungpd/np/knights-2.5.0/build/CMakeFiles/CMakeTmp'
make: *** [cmTryCompileExec3895112168/fast] Error 2


